+ conda activate diffuse

CommandNotFoundError: Your shell has not been properly configured to use 'conda activate'.
To initialize your shell, run

    $ conda init <SHELL_NAME>

Currently supported shells are:
  - bash
  - fish
  - tcsh
  - xonsh
  - zsh
  - powershell

See 'conda init --help' for more information and options.

IMPORTANT: You may need to close and restart your shell after running 'conda init'.


+ cd /jet/home/billyli/mmmu_NoOps/mmmu
+ python extract_attention_scores.py --output_dir=sbatch_results_attn --noop=all
Traceback (most recent call last):
  File "extract_attention_scores.py", line 17, in <module>
    from transformers import LlavaOnevisionForConditionalGeneration, AutoProcessor
ImportError: cannot import name 'LlavaOnevisionForConditionalGeneration' from 'transformers' (/jet/home/billyli/anaconda3/lib/python3.8/site-packages/transformers/__init__.py)
+ ./gpua.out
/var/spool/slurm/d/job30253097/slurm_script: line 27: ./gpua.out: No such file or directory
